<?xml version="1.0" encoding="UTF-8"?>
<testsuite xmlns:xsi="http://www.w3.org/2001/XMLSchema-instance" xsi:noNamespaceSchemaLocation="https://maven.apache.org/surefire/maven-surefire-plugin/xsd/surefire-test-report-3.0.xsd" version="3.0" name="br.edu.ufersa.pw.todo.todoAPI.TodoApiApplicationTests" time="11.758" tests="1" errors="0" skipped="0" failures="0">
  <properties>
[...]
</properties>
  <testcase name="contextLoads" classname="br.edu.ufersa.pw.todo.todoAPI.TodoApiApplicationTests" time="1.079">
    <system-out><![CDATA[15:53:00.161 [main] INFO org.springframework.test.context.support.AnnotationConfigContextLoaderUtils -- Could not detect default configuration classes for test class [br.edu.ufersa.pw.todo.todoAPI.TodoApiApplicationTests]: TodoApiApplicationTests does not declare any static, non-private, non-final, nested classes annotated with @Configuration.
15:53:00.424 [main] INFO org.springframework.boot.test.context.SpringBootTestContextBootstrapper -- Found @SpringBootConfiguration br.edu.ufersa.pw.todo.todoAPI.TodoApiApplication for test class br.edu.ufersa.pw.todo.todoAPI.TodoApiApplicationTests
15:53:00.699 [main] INFO org.springframework.boot.devtools.restart.RestartApplicationListener -- Restart disabled due to context in which it is running

  .   ____          _            __ _ _
 /\\ / ___'_ __ _ _(_)_ __  __ _ \ \ \ \
( ( )\___ | '_ | '_| | '_ \/ _` | \ \ \ \
 \\/  ___)| |_)| | | | | || (_| |  ) ) ) )
  '  |____| .__|_| |_|_| |_\__, | / / / /
 =========|_|==============|___/=/_/_/_/

 :: Spring Boot ::                (v3.3.6)

2024-12-12T15:53:01.279-03:00  INFO 15688 --- [todoAPI-test] [           main] b.e.u.p.t.t.TodoApiApplicationTests      : Starting TodoApiApplicationTests using Java 23.0.1 with PID 15688 (started by anala in C:\dev\Programação Web\pw2024.3TodoAPI)
2024-12-12T15:53:01.281-03:00  INFO 15688 --- [todoAPI-test] [           main] b.e.u.p.t.t.TodoApiApplicationTests      : The following 1 profile is active: "dev"
2024-12-12T15:53:02.739-03:00  INFO 15688 --- [todoAPI-test] [           main] .s.d.r.c.RepositoryConfigurationDelegate : Bootstrapping Spring Data JPA repositories in DEFAULT mode.
2024-12-12T15:53:02.829-03:00  INFO 15688 --- [todoAPI-test] [           main] .s.d.r.c.RepositoryConfigurationDelegate : Finished Spring Data repository scanning in 75 ms. Found 2 JPA repository interfaces.
2024-12-12T15:53:03.607-03:00  INFO 15688 --- [todoAPI-test] [           main] com.zaxxer.hikari.HikariDataSource       : HikariPool-1 - Starting...
2024-12-12T15:53:04.248-03:00  INFO 15688 --- [todoAPI-test] [           main] com.zaxxer.hikari.pool.HikariPool        : HikariPool-1 - Added connection conn0: url=jdbc:h2:mem:banco user=ADMIN
2024-12-12T15:53:04.248-03:00  INFO 15688 --- [todoAPI-test] [           main] com.zaxxer.hikari.HikariDataSource       : HikariPool-1 - Start completed.
2024-12-12T15:53:04.565-03:00  INFO 15688 --- [todoAPI-test] [           main] o.hibernate.jpa.internal.util.LogHelper  : HHH000204: Processing PersistenceUnitInfo [name: default]
2024-12-12T15:53:04.701-03:00  INFO 15688 --- [todoAPI-test] [           main] org.hibernate.Version                    : HHH000412: Hibernate ORM core version 6.5.3.Final
2024-12-12T15:53:04.873-03:00  INFO 15688 --- [todoAPI-test] [           main] o.h.c.internal.RegionFactoryInitiator    : HHH000026: Second-level cache disabled
2024-12-12T15:53:05.572-03:00  INFO 15688 --- [todoAPI-test] [           main] o.s.o.j.p.SpringPersistenceUnitInfo      : No LoadTimeWeaver setup: ignoring JPA class transformer
2024-12-12T15:53:05.652-03:00  WARN 15688 --- [todoAPI-test] [           main] org.hibernate.orm.deprecation            : HHH90000025: H2Dialect does not need to be specified explicitly using 'hibernate.dialect' (remove the property setting and it will be selected by default)
2024-12-12T15:53:07.885-03:00  INFO 15688 --- [todoAPI-test] [           main] o.h.e.t.j.p.i.JtaPlatformInitiator       : HHH000489: No JTA platform available (set 'hibernate.transaction.jta.platform' to enable JTA platform integration)
Hibernate: drop table if exists tb_todos cascade 
Hibernate: drop table if exists tb_usuarios cascade 
Hibernate: create table tb_todos (conclusao date, estado tinyint check (estado between 0 and 2), prazo date, id bigint generated by default as identity, id_usuario bigint, item varchar(255), primary key (id))
Hibernate: create table tb_usuarios (id bigint generated by default as identity, email varchar(255) unique, senha varchar(255), primary key (id))
Hibernate: alter table if exists tb_todos add constraint FKryic7eusp5yaws5ysxb4esxhf foreign key (id_usuario) references tb_usuarios
2024-12-12T15:53:08.038-03:00  INFO 15688 --- [todoAPI-test] [           main] j.LocalContainerEntityManagerFactoryBean : Initialized JPA EntityManagerFactory for persistence unit 'default'
2024-12-12T15:53:08.598-03:00  INFO 15688 --- [todoAPI-test] [           main] o.s.d.j.r.query.QueryEnhancerFactory     : Hibernate is in classpath; If applicable, HQL parser will be used.
2024-12-12T15:53:08.780-03:00  WARN 15688 --- [todoAPI-test] [           main] JpaBaseConfiguration$JpaWebConfiguration : spring.jpa.open-in-view is enabled by default. Therefore, database queries may be performed during view rendering. Explicitly configure spring.jpa.open-in-view to disable this warning
2024-12-12T15:53:08.832-03:00  INFO 15688 --- [todoAPI-test] [           main] r$InitializeUserDetailsManagerConfigurer : Global AuthenticationManager configured with UserDetailsService bean with name userDetailsServiceImpl
2024-12-12T15:53:10.181-03:00  INFO 15688 --- [todoAPI-test] [           main] o.s.b.a.h2.H2ConsoleAutoConfiguration    : H2 console available at '/h2-console'. Database available at 'jdbc:h2:mem:banco'
2024-12-12T15:53:10.408-03:00  INFO 15688 --- [todoAPI-test] [           main] b.e.u.p.t.t.TodoApiApplicationTests      : Started TodoApiApplicationTests in 9.727 seconds (process running for 11.859)
Rodou corretamente!!  com valor default na classe app!
]]></system-out>
    <system-err><![CDATA[WARNING: A Java agent has been loaded dynamically (C:\Users\anala\.m2\repository\net\bytebuddy\byte-buddy-agent\1.14.19\byte-buddy-agent-1.14.19.jar)
WARNING: If a serviceability tool is in use, please run with -XX:+EnableDynamicAgentLoading to hide this warning
WARNING: If a serviceability tool is not in use, please run with -Djdk.instrument.traceUsage for more information
WARNING: Dynamic loading of agents will be disallowed by default in a future release
]]></system-err>
  </testcase>
</testsuite>